<?xml version="1.0" encoding="UTF-8"?>
<!-- Generated by org.testng.reporters.JUnitReportReporter -->
<testsuite hostname="DESKTOP-NJMT4DO" failures="0" tests="2" name="Helper.LoginWithValidScnario" time="5.801" errors="0" timestamp="2025-03-23T21:53:57 IST" skipped="0">
  <testcase classname="Helper.LoginWithValidScnario" name="loinWithValidScnario" time="3.377"/>
  <testcase classname="Helper.LoginWithValidScnario" name="logout" time="2.424"/>
  <system-out>
    <![CDATA[Test is Signup successfully, Please login!]]>
  </system-out>
</testsuite> <!-- Helper.LoginWithValidScnario -->
