<?xml version="1.0" encoding="UTF-8"?>
<!-- Generated by org.testng.reporters.JUnitReportReporter -->
<testsuite hostname="DESKTOP-NJMT4DO" failures="0" tests="2" name="Helper.NewUserRegister" time="11.692" errors="0" timestamp="2025-03-23T21:53:57 IST" skipped="0">
  <testcase classname="Helper.NewUserRegister" name="registerNewUser" time="4.407">
    <system-out>
      <![CDATA[Test is Signup successfully, Please login!]]>
    </system-out>
  </testcase> <!-- registerNewUser -->
  <testcase classname="Helper.NewUserRegister" name="LoginWithNewUser" time="7.285"/>
  <system-out>
    <![CDATA[Test is Signup successfully, Please login!]]>
  </system-out>
</testsuite> <!-- Helper.NewUserRegister -->
