<?xml version="1.0" encoding="UTF-8"?>
<!-- Generated by org.testng.reporters.JUnitReportReporter -->
<testsuite hostname="Bhakti" failures="0" tests="2" name="Testngdemo1.Testngdemo11" time="0.017" errors="0" timestamp="2025-04-19T20:41:01 IST" skipped="0">
  <testcase classname="Testngdemo1.Testngdemo11" name="Test1" time="0.009"/>
  <testcase classname="Testngdemo1.Testngdemo11" name="Test2" time="0.008"/>
</testsuite> <!-- Testngdemo1.Testngdemo11 -->
