<?xml version="1.0" encoding="UTF-8"?>
<!-- Generated by org.testng.reporters.JUnitReportReporter -->
<testsuite hostname="DESKTOP-NJMT4DO" failures="0" tests="1" name="Sample.Installation_Sucess" time="19.973" errors="0" timestamp="2025-03-18T22:51:40 IST" skipped="0">
  <testcase classname="Sample.Installation_Sucess" name="Test1" time="19.973"/>
</testsuite> <!-- Sample.Installation_Sucess -->
