<?xml version="1.0" encoding="UTF-8"?>
<!-- Generated by org.testng.reporters.JUnitReportReporter -->
<testsuite hostname="DESKTOP-NJMT4DO" failures="0" tests="1" name="SampeDemo.Testng_demo" time="0.025" errors="0" timestamp="2025-03-18T23:09:09 IST" skipped="0">
  <testcase classname="SampeDemo.Testng_demo" name="Test1" time="0.025"/>
</testsuite> <!-- SampeDemo.Testng_demo -->
