<?xml version="1.0" encoding="UTF-8"?>
<!-- Generated by org.testng.reporters.JUnitReportReporter -->
<testsuite hostname="Bhakti" failures="0" tests="1" name="Assignmnet1Login.LoginWithValidScnario" time="2.688" errors="0" timestamp="2025-04-21T10:54:33 IST" skipped="0">
  <testcase classname="Assignmnet1Login.LoginWithValidScnario" name="loinWithValidScnario" time="2.688"/>
</testsuite> <!-- Assignmnet1Login.LoginWithValidScnario -->
