<?xml version="1.0" encoding="UTF-8"?>
<!-- Generated by org.testng.reporters.JUnitReportReporter -->
<testsuite hostname="Bhakti" failures="0" tests="1" name="Testngdemo1.NewTest" time="0.011" errors="0" timestamp="2025-04-21T10:53:05 IST" skipped="0">
  <testcase classname="Testngdemo1.NewTest" name="Test1" time="0.011"/>
</testsuite> <!-- Testngdemo1.NewTest -->
